
/home/runner/work/exp-infix-postfix-iiith/exp-infix-postfix-iiith/experiment/evaluation-of-postfix-expressions/simulation/js/check_postfix.js
   2:2   warning  Unnecessary semicolon  no-extra-semi
  31:13  warning  '$' is not defined     no-undef

/home/runner/work/exp-infix-postfix-iiith/exp-infix-postfix-iiith/experiment/evaluation-of-postfix-expressions/simulation/js/demo.js
   6:10  warning  'generate' is defined but never used  no-unused-vars
  23:2   warning  Unnecessary semicolon                 no-extra-semi
  32:13  warning  'exp' is already defined              no-redeclare
  37:13  warning  'exp' is already defined              no-redeclare
  42:13  warning  'exp' is already defined              no-redeclare
  47:13  warning  'exp' is already defined              no-redeclare
  81:2   warning  Unnecessary semicolon                 no-extra-semi
  84:2   warning  Unnecessary semicolon                 no-extra-semi

/home/runner/work/exp-infix-postfix-iiith/exp-infix-postfix-iiith/experiment/evaluation-of-postfix-expressions/simulation/js/function_eval_postfix.js
  1:1   warning  '$' is not defined             no-undef
  2:5   warning  'eval_postfix' is not defined  no-undef
  6:16  warning  '$' is not defined             no-undef

/home/runner/work/exp-infix-postfix-iiith/exp-infix-postfix-iiith/experiment/evaluation-of-postfix-expressions/simulation/js/infix_to_postfix.js
   52:1    warning  '$' is not defined              no-undef
   65:5    warning  'infix' is not defined          no-undef
   66:5    warning  'infix' is not defined          no-undef
   66:13   warning  'infix' is not defined          no-undef
   67:156  warning  'infix' is not defined          no-undef
   74:2    warning  Unnecessary semicolon           no-extra-semi
   75:1    warning  '$' is not defined              no-undef
   81:1    warning  '$' is not defined              no-undef
   88:1    warning  '$' is not defined              no-undef
   95:1    warning  '$' is not defined              no-undef
   99:1    warning  '$' is not defined              no-undef
  107:1    warning  '$' is not defined              no-undef
  108:30   warning  'Postfix_check' is not defined  no-undef
  109:51   warning  'infix' is not defined          no-undef

/home/runner/work/exp-infix-postfix-iiith/exp-infix-postfix-iiith/experiment/evaluation-of-postfix-expressions/simulation/js/postfix_eval.js
   33:10  warning  'draw_expression' is defined but never used       no-unused-vars
   38:6   warning  'txtWidth' is assigned a value but never used     no-unused-vars
   39:6   warning  'txtX' is assigned a value but never used         no-unused-vars
   39:13  warning  'exp_start_x' is not defined                      no-undef
   40:6   warning  'txtY' is assigned a value but never used         no-unused-vars
   40:13  warning  'exp_start_y' is not defined                      no-undef
   45:3   warning  'sub_string3' is assigned a value but never used  no-unused-vars
   85:2   warning  'no_of_operands' is not defined                   no-undef
   86:2   warning  'operators' is not defined                        no-undef
   88:22  warning  'no_of_operands' is not defined                   no-undef
   91:12  warning  'no_of_operands' is not defined                   no-undef
   93:27  warning  'operators' is not defined                        no-undef
   96:16  warning  'Postfix_check' is not defined                    no-undef
  100:2   warning  Unnecessary semicolon                             no-extra-semi
  102:1   warning  '$' is not defined                                no-undef
  106:6   warning  '$' is not defined                                no-undef
  121:1   warning  '$' is not defined                                no-undef
  133:1   warning  '$' is not defined                                no-undef
  136:6   warning  'txtX' is assigned a value but never used         no-unused-vars
  137:6   warning  'txtY' is assigned a value but never used         no-unused-vars
  138:6   warning  'eval_postfix' is not defined                     no-undef
  145:1   warning  '$' is not defined                                no-undef
  154:1   warning  '$' is not defined                                no-undef
  160:1   warning  '$' is not defined                                no-undef
  169:1   warning  '$' is not defined                                no-undef
  178:1   warning  '$' is not defined                                no-undef
  187:1   warning  '$' is not defined                                no-undef
  196:1   warning  '$' is not defined                                no-undef

/home/runner/work/exp-infix-postfix-iiith/exp-infix-postfix-iiith/experiment/evaluation-of-postfix-expressions/simulation/js/pushandoutput.js
   34:13  warning  'b' is assigned a value but never used        no-unused-vars
   42:15  warning  '$' is not defined                            no-undef
   55:29  warning  Unnecessary escape character: \(              no-useless-escape
   55:31  warning  Unnecessary escape character: \)              no-useless-escape
   66:1   warning  '$' is not defined                            no-undef
   73:13  warning  '$' is not defined                            no-undef
   94:13  warning  '$' is not defined                            no-undef
   95:13  warning  '$' is not defined                            no-undef
   97:13  warning  'math' is not defined                         no-undef
   97:50  warning  'math' is not defined                         no-undef
   99:13  warning  '$' is not defined                            no-undef
  100:13  warning  '$' is not defined                            no-undef
  101:13  warning  '$' is not defined                            no-undef
  102:13  warning  '$' is not defined                            no-undef
  103:13  warning  '$' is not defined                            no-undef
  107:17  warning  'arr_but' is assigned a value but never used  no-unused-vars
  108:13  warning  'count' is not defined                        no-undef
  110:57  warning  'count' is not defined                        no-undef
  111:45  warning  'count' is not defined                        no-undef
  114:21  warning  'count' is not defined                        no-undef
  116:13  warning  '$' is not defined                            no-undef
  117:13  warning  '$' is not defined                            no-undef
  118:13  warning  '$' is not defined                            no-undef
  119:13  warning  '$' is not defined                            no-undef
  120:13  warning  '$' is not defined                            no-undef
  121:13  warning  '$' is not defined                            no-undef
  126:9   warning  '$' is not defined                            no-undef
  127:9   warning  '$' is not defined                            no-undef
  128:9   warning  '$' is not defined                            no-undef
  129:9   warning  '$' is not defined                            no-undef
  130:9   warning  '$' is not defined                            no-undef
  132:9   warning  'math' is not defined                         no-undef
  132:46  warning  'math' is not defined                         no-undef
  134:9   warning  '$' is not defined                            no-undef
  135:9   warning  '$' is not defined                            no-undef
  136:9   warning  '$' is not defined                            no-undef
  137:9   warning  '$' is not defined                            no-undef
  138:9   warning  '$' is not defined                            no-undef
  170:9   warning  'count' is already defined                    no-redeclare
  180:5   warning  '$' is not defined                            no-undef
  181:5   warning  '$' is not defined                            no-undef
  182:5   warning  '$' is not defined                            no-undef
  183:5   warning  '$' is not defined                            no-undef
  184:5   warning  '$' is not defined                            no-undef
  185:5   warning  '$' is not defined                            no-undef
  186:5   warning  '$' is not defined                            no-undef
  187:5   warning  '$' is not defined                            no-undef
  188:2   warning  Unnecessary semicolon                         no-extra-semi
  189:1   warning  '$' is not defined                            no-undef
  202:9   warning  'count' is already defined                    no-redeclare
  211:5   warning  '$' is not defined                            no-undef
  212:5   warning  '$' is not defined                            no-undef
  213:5   warning  '$' is not defined                            no-undef
  214:5   warning  '$' is not defined                            no-undef
  215:5   warning  '$' is not defined                            no-undef
  217:1   warning  '$' is not defined                            no-undef
  218:22  warning  '$' is not defined                            no-undef
  220:9   warning  '$' is not defined                            no-undef
  221:9   warning  '$' is not defined                            no-undef
  224:9   warning  '$' is not defined                            no-undef
  225:9   warning  '$' is not defined                            no-undef
  228:1   warning  '$' is not defined                            no-undef
  229:22  warning  '$' is not defined                            no-undef
  231:9   warning  '$' is not defined                            no-undef
  232:9   warning  '$' is not defined                            no-undef
  235:9   warning  '$' is not defined                            no-undef
  236:9   warning  '$' is not defined                            no-undef
  240:5   warning  '$' is not defined                            no-undef
  241:10  warning  '$' is not defined                            no-undef
  243:13  warning  'arr_but' is assigned a value but never used  no-unused-vars
  255:21  warning  'tempo' is already defined                    no-redeclare
  264:1   warning  '$' is not defined                            no-undef
  267:10  warning  '$' is not defined                            no-undef
  276:24  warning  '$' is not defined                            no-undef
  286:13  warning  '$' is not defined                            no-undef
  287:13  warning  '$' is not defined                            no-undef
  288:13  warning  '$' is not defined                            no-undef
  294:13  warning  '$' is not defined                            no-undef
  295:13  warning  '$' is not defined                            no-undef
  296:13  warning  '$' is not defined                            no-undef
  299:15  warning  '$' is not defined                            no-undef
  301:13  warning  'all_elem' is already defined                 no-redeclare
  301:24  warning  '$' is not defined                            no-undef

/home/runner/work/exp-infix-postfix-iiith/exp-infix-postfix-iiith/experiment/evaluation-of-postfix-expressions/simulation/js/realization.js
  1:5  warning  'realizationCatalog' is assigned a value but never used  no-unused-vars

/home/runner/work/exp-infix-postfix-iiith/exp-infix-postfix-iiith/experiment/infix to-postfix-conversion-with-stack/simulation/js/check_postfix.js
   2:2   warning  Unnecessary semicolon  no-extra-semi
  31:13  warning  '$' is not defined     no-undef

/home/runner/work/exp-infix-postfix-iiith/exp-infix-postfix-iiith/experiment/infix to-postfix-conversion-with-stack/simulation/js/demo.js
   6:10  warning  'generate' is defined but never used  no-unused-vars
  23:2   warning  Unnecessary semicolon                 no-extra-semi
  32:13  warning  'exp' is already defined              no-redeclare
  37:13  warning  'exp' is already defined              no-redeclare
  42:13  warning  'exp' is already defined              no-redeclare
  47:13  warning  'exp' is already defined              no-redeclare
  81:2   warning  Unnecessary semicolon                 no-extra-semi
  84:2   warning  Unnecessary semicolon                 no-extra-semi

/home/runner/work/exp-infix-postfix-iiith/exp-infix-postfix-iiith/experiment/infix to-postfix-conversion-with-stack/simulation/js/function_eval_postfix.js
  1:1   warning  '$' is not defined             no-undef
  2:5   warning  'eval_postfix' is not defined  no-undef
  6:16  warning  '$' is not defined             no-undef

/home/runner/work/exp-infix-postfix-iiith/exp-infix-postfix-iiith/experiment/infix to-postfix-conversion-with-stack/simulation/js/infix_to_postfix.js
   52:1    warning  '$' is not defined              no-undef
   65:5    warning  'infix' is not defined          no-undef
   66:5    warning  'infix' is not defined          no-undef
   66:13   warning  'infix' is not defined          no-undef
   67:156  warning  'infix' is not defined          no-undef
   74:2    warning  Unnecessary semicolon           no-extra-semi
   75:1    warning  '$' is not defined              no-undef
   81:1    warning  '$' is not defined              no-undef
   88:1    warning  '$' is not defined              no-undef
   95:1    warning  '$' is not defined              no-undef
   99:1    warning  '$' is not defined              no-undef
  107:1    warning  '$' is not defined              no-undef
  108:30   warning  'Postfix_check' is not defined  no-undef
  109:51   warning  'infix' is not defined          no-undef

/home/runner/work/exp-infix-postfix-iiith/exp-infix-postfix-iiith/experiment/infix to-postfix-conversion-with-stack/simulation/js/postfix_eval.js
   33:10  warning  'draw_expression' is defined but never used       no-unused-vars
   38:6   warning  'txtWidth' is assigned a value but never used     no-unused-vars
   39:6   warning  'txtX' is assigned a value but never used         no-unused-vars
   39:13  warning  'exp_start_x' is not defined                      no-undef
   40:6   warning  'txtY' is assigned a value but never used         no-unused-vars
   40:13  warning  'exp_start_y' is not defined                      no-undef
   45:3   warning  'sub_string3' is assigned a value but never used  no-unused-vars
   85:2   warning  'no_of_operands' is not defined                   no-undef
   86:2   warning  'operators' is not defined                        no-undef
   88:22  warning  'no_of_operands' is not defined                   no-undef
   91:12  warning  'no_of_operands' is not defined                   no-undef
   93:27  warning  'operators' is not defined                        no-undef
   96:16  warning  'Postfix_check' is not defined                    no-undef
  100:2   warning  Unnecessary semicolon                             no-extra-semi
  102:1   warning  '$' is not defined                                no-undef
  106:6   warning  '$' is not defined                                no-undef
  121:1   warning  '$' is not defined                                no-undef
  133:1   warning  '$' is not defined                                no-undef
  136:6   warning  'txtX' is assigned a value but never used         no-unused-vars
  137:6   warning  'txtY' is assigned a value but never used         no-unused-vars
  138:6   warning  'eval_postfix' is not defined                     no-undef
  145:1   warning  '$' is not defined                                no-undef
  154:1   warning  '$' is not defined                                no-undef
  160:1   warning  '$' is not defined                                no-undef
  169:1   warning  '$' is not defined                                no-undef
  178:1   warning  '$' is not defined                                no-undef
  187:1   warning  '$' is not defined                                no-undef
  196:1   warning  '$' is not defined                                no-undef

/home/runner/work/exp-infix-postfix-iiith/exp-infix-postfix-iiith/experiment/infix to-postfix-conversion-with-stack/simulation/js/pushandoutput.js
   34:13  warning  'b' is assigned a value but never used        no-unused-vars
   42:15  warning  '$' is not defined                            no-undef
   55:29  warning  Unnecessary escape character: \(              no-useless-escape
   55:31  warning  Unnecessary escape character: \)              no-useless-escape
   66:1   warning  '$' is not defined                            no-undef
   73:13  warning  '$' is not defined                            no-undef
   94:13  warning  '$' is not defined                            no-undef
   95:13  warning  '$' is not defined                            no-undef
   97:13  warning  'math' is not defined                         no-undef
   97:50  warning  'math' is not defined                         no-undef
   99:13  warning  '$' is not defined                            no-undef
  100:13  warning  '$' is not defined                            no-undef
  101:13  warning  '$' is not defined                            no-undef
  102:13  warning  '$' is not defined                            no-undef
  103:13  warning  '$' is not defined                            no-undef
  107:17  warning  'arr_but' is assigned a value but never used  no-unused-vars
  108:13  warning  'count' is not defined                        no-undef
  110:57  warning  'count' is not defined                        no-undef
  111:45  warning  'count' is not defined                        no-undef
  114:21  warning  'count' is not defined                        no-undef
  116:13  warning  '$' is not defined                            no-undef
  117:13  warning  '$' is not defined                            no-undef
  118:13  warning  '$' is not defined                            no-undef
  119:13  warning  '$' is not defined                            no-undef
  120:13  warning  '$' is not defined                            no-undef
  121:13  warning  '$' is not defined                            no-undef
  126:9   warning  '$' is not defined                            no-undef
  127:9   warning  '$' is not defined                            no-undef
  128:9   warning  '$' is not defined                            no-undef
  129:9   warning  '$' is not defined                            no-undef
  130:9   warning  '$' is not defined                            no-undef
  132:9   warning  'math' is not defined                         no-undef
  132:46  warning  'math' is not defined                         no-undef
  134:9   warning  '$' is not defined                            no-undef
  135:9   warning  '$' is not defined                            no-undef
  136:9   warning  '$' is not defined                            no-undef
  137:9   warning  '$' is not defined                            no-undef
  138:9   warning  '$' is not defined                            no-undef
  170:9   warning  'count' is already defined                    no-redeclare
  180:5   warning  '$' is not defined                            no-undef
  181:5   warning  '$' is not defined                            no-undef
  182:5   warning  '$' is not defined                            no-undef
  183:5   warning  '$' is not defined                            no-undef
  184:5   warning  '$' is not defined                            no-undef
  185:5   warning  '$' is not defined                            no-undef
  186:5   warning  '$' is not defined                            no-undef
  187:5   warning  '$' is not defined                            no-undef
  188:2   warning  Unnecessary semicolon                         no-extra-semi
  189:1   warning  '$' is not defined                            no-undef
  202:9   warning  'count' is already defined                    no-redeclare
  211:5   warning  '$' is not defined                            no-undef
  212:5   warning  '$' is not defined                            no-undef
  213:5   warning  '$' is not defined                            no-undef
  214:5   warning  '$' is not defined                            no-undef
  215:5   warning  '$' is not defined                            no-undef
  217:1   warning  '$' is not defined                            no-undef
  218:22  warning  '$' is not defined                            no-undef
  220:9   warning  '$' is not defined                            no-undef
  221:9   warning  '$' is not defined                            no-undef
  224:9   warning  '$' is not defined                            no-undef
  225:9   warning  '$' is not defined                            no-undef
  228:1   warning  '$' is not defined                            no-undef
  229:22  warning  '$' is not defined                            no-undef
  231:9   warning  '$' is not defined                            no-undef
  232:9   warning  '$' is not defined                            no-undef
  235:9   warning  '$' is not defined                            no-undef
  236:9   warning  '$' is not defined                            no-undef
  240:5   warning  '$' is not defined                            no-undef
  241:10  warning  '$' is not defined                            no-undef
  243:13  warning  'arr_but' is assigned a value but never used  no-unused-vars
  255:21  warning  'tempo' is already defined                    no-redeclare
  264:1   warning  '$' is not defined                            no-undef
  267:10  warning  '$' is not defined                            no-undef
  276:24  warning  '$' is not defined                            no-undef
  286:13  warning  '$' is not defined                            no-undef
  287:13  warning  '$' is not defined                            no-undef
  288:13  warning  '$' is not defined                            no-undef
  294:13  warning  '$' is not defined                            no-undef
  295:13  warning  '$' is not defined                            no-undef
  296:13  warning  '$' is not defined                            no-undef
  299:15  warning  '$' is not defined                            no-undef
  301:13  warning  'all_elem' is already defined                 no-redeclare
  301:24  warning  '$' is not defined                            no-undef

/home/runner/work/exp-infix-postfix-iiith/exp-infix-postfix-iiith/experiment/infix to-postfix-conversion-with-stack/simulation/js/realization.js
  1:5  warning  'realizationCatalog' is assigned a value but never used  no-unused-vars

✖ 278 problems (0 errors, 278 warnings)
  0 errors and 14 warnings potentially fixable with the `--fix` option.

