code-assessment.html     http://outreach.vlabs.ac.in/
feedback.html     http://outreach.vlabs.ac.in/
further-reading-and-references.html     http://csis.pace.edu/~wolf/CS122/exexpans.html
further-reading-and-references.html     http://www.c4learn.com/mcq/data-structure-mcq/data-structure-mcq-stack-multiple-choice-questions-set-2/
further-reading-and-references.html     http://outreach.vlabs.ac.in/
index.html     http://outreach.vlabs.ac.in/
overview.html     http://outreach.vlabs.ac.in/
performance-report.html     http://vlab.co.in
posttest.html     http://outreach.vlabs.ac.in/
pretest.html     http://outreach.vlabs.ac.in/
validator-report.html     http://vlab.co.in
defining-the-expressions/algorithm-for-conversion-without-stack.html     http://outreach.vlabs.ac.in/
defining-the-expressions/index.html     http://outreach.vlabs.ac.in/
defining-the-expressions/infix-quiz.html     http://outreach.vlabs.ac.in/
defining-the-expressions/introducing-infix-expressions.html     http://outreach.vlabs.ac.in/
defining-the-expressions/introducing-postfix-expressions.html     http://outreach.vlabs.ac.in/
defining-the-expressions/overview.html     http://outreach.vlabs.ac.in/
evaluation-of-postfix-expressions/evaluation-of-post-fix-expressions.html     http://outreach.vlabs.ac.in/
evaluation-of-postfix-expressions/index.html     http://outreach.vlabs.ac.in/
infix to-postfix-conversion-with-stack/conversion-without-stack-quiz.html     http://outreach.vlabs.ac.in/
infix to-postfix-conversion-with-stack/index.html     http://outreach.vlabs.ac.in/
infix to-postfix-conversion-with-stack/push-and-pop-operations-on-stack.html     http://outreach.vlabs.ac.in/
infix to-postfix-conversion-with-stack/the-whole-conversion.html     http://outreach.vlabs.ac.in/
